C:\Program Files (x86)\Microsoft Visual Studio\2019\Community\MSBuild\Microsoft\VC\v160\Microsoft.CppBuild.targets(495,5): warning MSB8003: The WindowsSDKDir property is not defined. Some build tools may not be found.
  btKinematicCharacterController.cpp
  btConeTwistConstraint.cpp
C:\Users\student\Documents\GitHub\Game-Physics\Bullet\src\LinearMath\btScalar.h(26,10): fatal error C1083: Cannot open include file: 'math.h': No such file or directory (compiling source file ..\..\src\BulletDynamics\Character\btKinematicCharacterController.cpp)
  btContactConstraint.cpp
  btGearConstraint.cpp
  btGeneric6DofConstraint.cpp
C:\Users\student\Documents\GitHub\Game-Physics\Bullet\src\LinearMath\btScalar.h(26,10): fatal error C1083: Cannot open include file: 'math.h': No such file or directory (compiling source file ..\..\src\BulletDynamics\ConstraintSolver\btContactConstraint.cpp)
  btGeneric6DofSpringConstraint.cpp
C:\Users\student\Documents\GitHub\Game-Physics\Bullet\src\LinearMath\btScalar.h(26,10): fatal error C1083: Cannot open include file: 'math.h': No such file or directory (compiling source file ..\..\src\BulletDynamics\ConstraintSolver\btConeTwistConstraint.cpp)
  btHinge2Constraint.cpp
C:\Users\student\Documents\GitHub\Game-Physics\Bullet\src\LinearMath\btScalar.h(26,10): fatal error C1083: Cannot open include file: 'math.h': No such file or directory (compiling source file ..\..\src\BulletDynamics\ConstraintSolver\btGearConstraint.cpp)
C:\Users\student\Documents\GitHub\Game-Physics\Bullet\src\LinearMath\btScalar.h(26,10): fatal error C1083: Cannot open include file: 'math.h': No such file or directory (compiling source file ..\..\src\BulletDynamics\ConstraintSolver\btGeneric6DofConstraint.cpp)
C:\Users\student\Documents\GitHub\Game-Physics\Bullet\src\LinearMath\btScalar.h(26,10): fatal error C1083: Cannot open include file: 'math.h': No such file or directory (compiling source file ..\..\src\BulletDynamics\ConstraintSolver\btGeneric6DofSpringConstraint.cpp)
C:\Users\student\Documents\GitHub\Game-Physics\Bullet\src\LinearMath\btScalar.h(26,10): fatal error C1083: Cannot open include file: 'math.h': No such file or directory (compiling source file ..\..\src\BulletDynamics\ConstraintSolver\btHinge2Constraint.cpp)
  btHingeConstraint.cpp
  btPoint2PointConstraint.cpp
  btSequentialImpulseConstraintSolver.cpp
  btSliderConstraint.cpp
  btSolve2LinearConstraint.cpp
  btTypedConstraint.cpp
  btUniversalConstraint.cpp
  btDiscreteDynamicsWorld.cpp
C:\Users\student\Documents\GitHub\Game-Physics\Bullet\src\LinearMath\btScalar.h(26,10): fatal error C1083: Cannot open include file: 'math.h': No such file or directory (compiling source file ..\..\src\BulletDynamics\ConstraintSolver\btHingeConstraint.cpp)
  btRigidBody.cpp
C:\Users\student\Documents\GitHub\Game-Physics\Bullet\src\LinearMath\btScalar.h(26,10): fatal error C1083: Cannot open include file: 'math.h': No such file or directory (compiling source file ..\..\src\BulletDynamics\ConstraintSolver\btTypedConstraint.cpp)
  btSimpleDynamicsWorld.cpp
C:\Users\student\Documents\GitHub\Game-Physics\Bullet\src\LinearMath\btScalar.h(26,10): fatal error C1083: Cannot open include file: 'math.h': No such file or directory (compiling source file ..\..\src\BulletDynamics\Dynamics\btRigidBody.cpp)
  Bullet-C-API.cpp
C:\Users\student\Documents\GitHub\Game-Physics\Bullet\src\LinearMath\btScalar.h(26,10): fatal error C1083: Cannot open include file: 'math.h': No such file or directory (compiling source file ..\..\src\BulletDynamics\ConstraintSolver\btSliderConstraint.cpp)
  btRaycastVehicle.cpp
C:\Users\student\Documents\GitHub\Game-Physics\Bullet\src\LinearMath\btScalar.h(26,10): fatal error C1083: Cannot open include file: 'math.h': No such file or directory (compiling source file ..\..\src\BulletDynamics\ConstraintSolver\btSolve2LinearConstraint.cpp)
C:\Users\student\Documents\GitHub\Game-Physics\Bullet\src\LinearMath\btScalar.h(26,10): fatal error C1083: Cannot open include file: 'math.h': No such file or directory (compiling source file ..\..\src\BulletDynamics\Dynamics\btSimpleDynamicsWorld.cpp)
C:\Users\student\Documents\GitHub\Game-Physics\Bullet\src\LinearMath\btScalar.h(26,10): fatal error C1083: Cannot open include file: 'math.h': No such file or directory (compiling source file ..\..\src\BulletDynamics\Dynamics\btDiscreteDynamicsWorld.cpp)
  btWheelInfo.cpp
C:\Users\student\Documents\GitHub\Game-Physics\Bullet\src\LinearMath\btScalar.h(26,10): fatal error C1083: Cannot open include file: 'math.h': No such file or directory (compiling source file ..\..\src\BulletDynamics\ConstraintSolver\btUniversalConstraint.cpp)
C:\Users\student\Documents\GitHub\Game-Physics\Bullet\src\LinearMath\btScalar.h(26,10): fatal error C1083: Cannot open include file: 'math.h': No such file or directory (compiling source file ..\..\src\BulletDynamics\ConstraintSolver\btPoint2PointConstraint.cpp)
C:\Users\student\Documents\GitHub\Game-Physics\Bullet\src\LinearMath\btScalar.h(26,10): fatal error C1083: Cannot open include file: 'math.h': No such file or directory (compiling source file ..\..\src\BulletDynamics\ConstraintSolver\btSequentialImpulseConstraintSolver.cpp)
C:\Users\student\Documents\GitHub\Game-Physics\Bullet\src\LinearMath\btScalar.h(26,10): fatal error C1083: Cannot open include file: 'math.h': No such file or directory (compiling source file ..\..\src\BulletDynamics\Vehicle\btWheelInfo.cpp)
C:\Users\student\Documents\GitHub\Game-Physics\Bullet\src\LinearMath\btScalar.h(26,10): fatal error C1083: Cannot open include file: 'math.h': No such file or directory (compiling source file ..\..\src\BulletDynamics\Vehicle\btRaycastVehicle.cpp)
C:\Users\student\Documents\GitHub\Game-Physics\Bullet\src\LinearMath\btScalar.h(26,10): fatal error C1083: Cannot open include file: 'math.h': No such file or directory (compiling source file ..\..\src\BulletDynamics\Dynamics\Bullet-C-API.cpp)
